<?xml version="1.0" encoding="UTF-8"?>
<!-- Generated by org.testng.reporters.JUnitXMLReporter -->
<testsuite ignored="4" hostname="DESKTOP-F7BOMKI" failures="2" tests="3" name="Test" time="28.558" errors="0" timestamp="2025-01-10T19:50:28 IST">
  <testcase classname="test.RegistrationTest" name="testRegistration" time="28.408"/>
  <testcase classname="test.HomepagemenuTest" name="validateAccountServicesMenu" time="0.01">
    <failure type="java.lang.NullPointerException" message="Cannot invoke &amp;quot;com.pages.RegistrationPage.password()&amp;quot; because &amp;quot;this.registrationPage&amp;quot; is null">
      <![CDATA[java.lang.NullPointerException: Cannot invoke "com.pages.RegistrationPage.password()" because "this.registrationPage" is null
at test.HomepagemenuTest.validateAccountServicesMenu(HomepagemenuTest.java:18)
at java.base/java.util.ArrayList.forEach(ArrayList.java:1597)
... Removed 25 stack frames]]>
    </failure>
  </testcase> <!-- validateAccountServicesMenu -->
  <testcase classname="test.OpenAccountTest" name="testopenAccount" time="0.003">
    <failure type="java.lang.NullPointerException" message="Cannot invoke &amp;quot;com.pages.RegistrationPage.password()&amp;quot; because &amp;quot;this.registrationPage&amp;quot; is null">
      <![CDATA[java.lang.NullPointerException: Cannot invoke "com.pages.RegistrationPage.password()" because "this.registrationPage" is null
at test.OpenAccountTest.testopenAccount(OpenAccountTest.java:14)
at java.base/java.util.ArrayList.forEach(ArrayList.java:1597)
... Removed 25 stack frames]]>
    </failure>
  </testcase> <!-- testopenAccount -->
  <testcase classname="com.base.BaseTest" name="@AfterSuite teardown" time="0.0">
    <ignored/>
  </testcase> <!-- @AfterSuite teardown -->
  <testcase classname="com.base.BaseTest" name="@AfterSuite teardown" time="0.0">
    <ignored/>
  </testcase> <!-- @AfterSuite teardown -->
  <testcase classname="com.base.BaseTest" name="@BeforeSuite setUp" time="0.0">
    <ignored/>
  </testcase> <!-- @BeforeSuite setUp -->
  <testcase classname="com.base.BaseTest" name="@BeforeSuite setUp" time="0.0">
    <ignored/>
  </testcase> <!-- @BeforeSuite setUp -->
</testsuite> <!-- Test -->
